dog_went_home._went_home._went_home._dog_went_home._dog_went_home._home._went
home._went_home._home._dog_went_home._went_home._dog_went_home._dog_went_home.
home._home._went_home._home._home._went_home._dog_went_home._dog_went_home.
home._dog_went_home._home._went_home._went_home._dog_went_home._went_home._dog
went_home._went_home._went_home._went_home._dog_went_home._home._went_home._went
home._went_home._went_home._dog_went_home._home._went_home._dog_went_home._went
home._went_home._dog_went_home._home._dog_went_home._home._went_home._dog_went
home._went_home._home._dog_went_home._home._home._home._went_home._went_home.
went_home._dog_went_home._dog_went_home._dog_went_home._went_home._went_home.
went_home._went_home._dog_went_home._went_home._home._went_home._home._dog_went
home._went_home._went_home._went_home._home._home._dog_went_home._dog_went_home.
dog_went_home._home._went_home._went_home._went_home._home._home._home._dog_went
home._home._home._home._went_home._home._dog_went_home._went_home._dog_went
home._home._home._home._dog_went_home._went_home._went_home._went_home._home.
went_home._went_home._dog_went_home._went_home._went_home._went_home._home._dog
went_home._home._went_home._dog_went_home._went_home._home._dog_went_home._dog
went_home._dog_went_home._went_home._dog_went_home._went_home._went_home._dog
went_home._dog_went_home._home._dog_went_home._home._home._dog_went_home._went
home._home._home._dog_went_home._went_home._went_home._home._dog_went_home._went
home._went_home._home._went_home._went_home._went_home._dog_went_home._went
home._went_home._dog_went_home._home._went_home._went_home._went_home._dog_went
home._dog_went_home._dog_went_home._home._went_home._dog_went_home._home._home.
went_home._went_home._dog_went_home._went_home._home._went_home._went_home._dog
went_home._dog_went_home._went_home._home._went_home._home._home._home._dog_went
home._home._home._home._home._dog_went_home._dog_went_home._went_home._dog_went
home._went_home._home._home._home._dog_went_home._home._dog_went_home._went
home._dog_went_home._dog_went_home._dog_went_home._home._went_home._went_home.
dog_went_home._dog_went_home._home._went_home._went_home._dog_went_home._home.
home._went_home._went_home._went_home._home._home._home._went_home._went_home.
home._home._home._dog_went_home._dog_went_home._home._home._went_home._home.
home._dog_went_home._dog_went_home._dog_went_home._went_home._went_home._home.
went_home._went_home._home._dog_went_home._went_home._home._dog_went_home._went
home._home._home._home._went_home._home._home._went_home._dog_went_home._dog
went_home._went_home._home._dog_went_home._dog_went_home._home._dog_went_home.
home._dog_went_home._went_home._dog_went_home._went_home._went_home._went_home.
went_home._dog_went_home._dog_went_home._went_home._dog_went_home._went_home.
went_home._home._home._home._home._dog_went_home._dog_went_home._went_home._dog
went_home._went_home._home._went_home._went_home._dog_went_home._home._home._dog
went_home._dog_went_home._went_home._went_home._dog_went_home._went_home._dog
went_home._home._dog_went_home._home._dog_went_home._went_home._went_home._went
home._dog_went_home._dog_went_home._went_home._went_home._dog_went_home._dog
went_home._went_home._dog_went_home._dog_went_home._dog_went_home._dog_went
home._went_home._dog_went_home._home._home._dog_went_home._dog_went_home._home.
dog_went_home._home._dog_went_home._went_home._dog_went_home._dog_went_home.
went_home._dog_went_home._went_home._went_home._dog_went_home._home._went_home.
home._home._went_home._home._home._went_home._went_home._dog_went_home._home.
home._dog_went_home._home._home._home._home._home._went_home._went_home._went
home._dog_went_home._went_home._home._dog_went_home._went_home._home._home.
home._home._went_home._went_home._dog_went_home._went_home._home._dog_went_home.
went_home._went_home._dog_went_home._dog_went_home._home._dog_went_home._home.
went_home._home._dog_went_home._went_home._dog_went_home._dog_went_home._dog
went_home._went_home._dog_went_home._home._dog_went_home._dog_went_home._went
home._went_home._went_home._dog_went_home._went_home._home._dog_went_home._dog
went_home._dog_went_home._went_home._dog_went_home._went_home._home._went_home.
dog_went_home._home._dog_went_home._went_home._went_home._dog_went_home._dog
went_home._dog_went_home._dog_went_home._dog_went_home._went_home._dog_went
home._dog_went_home._went_home._home._dog_went_home._home._home._went_home._dog
went_home._dog_went_home._went_home._home._home._went_home._home._went_home._dog
went_home._went_home._went_home._dog_went_home._home._home._went_home._dog_went
home._home._home._home._dog_went_home._went_home._dog_went_home._went_home._dog
went_home._dog_went_home._dog_went_home._went_home._went_home._went_home._dog
went_home._went_home._went_home._home._home._went_home._went_home._dog_went
home._dog_went_home._dog_went_home._home._dog_went_home._went_home._went_home.
home._dog_went_home._home._went_home._went_home._dog_went_home._went_home._home.
dog_went_home._went_home._went_home._dog_went_home._went_home._dog_went_home.
dog_went_home._home._home._went_home._dog_went_home._home._went_home._went_home.
home._went_home._home._home._home._went_home._dog_went_home._dog_went_home._dog
went_home._home._went_home._home._went_home.